{"level":"info","message":"{\n  \"Method\": \"GET\",\n  \"URL\": \"/users/profile\",\n  \"Status\": \"200\",\n  \"Response Time (ms)\": \"3441.026\"\n}","timestamp":"2025-03-05T03:18:54.547Z"}
{"level":"info","message":"{\n  \"Method\": \"GET\",\n  \"URL\": \"/users/profile\",\n  \"Status\": \"200\",\n  \"Response Time (ms)\": \"467.830\"\n}","timestamp":"2025-03-05T05:09:41.261Z"}
{"level":"info","message":"{\n  \"Method\": \"GET\",\n  \"URL\": \"/users/profile\",\n  \"Status\": \"200\",\n  \"Response Time (ms)\": \"24.391\"\n}","timestamp":"2025-03-05T05:11:54.092Z"}
{"level":"info","message":"{\n  \"Method\": \"GET\",\n  \"URL\": \"/users/profile\",\n  \"Status\": \"304\",\n  \"Response Time (ms)\": \"18.625\"\n}","timestamp":"2025-03-05T05:11:54.936Z"}
{"level":"info","message":"{\n  \"Method\": \"GET\",\n  \"URL\": \"/users/profile\",\n  \"Status\": \"200\",\n  \"Response Time (ms)\": \"15.939\"\n}","timestamp":"2025-03-05T05:12:25.951Z"}
{"level":"info","message":"{\n  \"Method\": \"GET\",\n  \"URL\": \"/users/profile\",\n  \"Status\": \"200\",\n  \"Response Time (ms)\": \"11.754\"\n}","timestamp":"2025-03-05T05:12:28.900Z"}
{"level":"info","message":"{\n  \"Method\": \"GET\",\n  \"URL\": \"/users/profile\",\n  \"Status\": \"200\",\n  \"Response Time (ms)\": \"22.660\"\n}","timestamp":"2025-03-05T05:12:53.951Z"}
{"level":"info","message":"{\n  \"Method\": \"GET\",\n  \"URL\": \"/users/profile\",\n  \"Status\": \"200\",\n  \"Response Time (ms)\": \"19.774\"\n}","timestamp":"2025-03-05T05:12:58.923Z"}
{"level":"info","message":"{\n  \"Method\": \"GET\",\n  \"URL\": \"/users/profile\",\n  \"Status\": \"200\",\n  \"Response Time (ms)\": \"16.140\"\n}","timestamp":"2025-03-05T05:13:00.909Z"}
{"level":"info","message":"{\n  \"Method\": \"GET\",\n  \"URL\": \"/users/profile\",\n  \"Status\": \"200\",\n  \"Response Time (ms)\": \"18.033\"\n}","timestamp":"2025-03-05T05:13:01.900Z"}
{"level":"info","message":"{\n  \"Method\": \"GET\",\n  \"URL\": \"/users/profile\",\n  \"Status\": \"200\",\n  \"Response Time (ms)\": \"18.095\"\n}","timestamp":"2025-03-05T05:13:04.914Z"}
{"level":"info","message":"{\n  \"Method\": \"GET\",\n  \"URL\": \"/users/profile\",\n  \"Status\": \"200\",\n  \"Response Time (ms)\": \"25.899\"\n}","timestamp":"2025-03-05T05:13:05.924Z"}
{"level":"info","message":"{\n  \"Method\": \"GET\",\n  \"URL\": \"/users/profile\",\n  \"Status\": \"200\",\n  \"Response Time (ms)\": \"15.771\"\n}","timestamp":"2025-03-05T05:13:16.896Z"}
{"level":"info","message":"{\n  \"Method\": \"GET\",\n  \"URL\": \"/users/profile\",\n  \"Status\": \"200\",\n  \"Response Time (ms)\": \"19.847\"\n}","timestamp":"2025-03-05T05:13:20.923Z"}
{"level":"info","message":"{\n  \"Method\": \"GET\",\n  \"URL\": \"/users/profile\",\n  \"Status\": \"200\",\n  \"Response Time (ms)\": \"12.020\"\n}","timestamp":"2025-03-05T05:13:21.900Z"}
{"level":"info","message":"{\n  \"Method\": \"GET\",\n  \"URL\": \"/users/profile\",\n  \"Status\": \"200\",\n  \"Response Time (ms)\": \"13.533\"\n}","timestamp":"2025-03-05T05:13:22.901Z"}
{"level":"info","message":"{\n  \"Method\": \"GET\",\n  \"URL\": \"/users/profile\",\n  \"Status\": \"200\",\n  \"Response Time (ms)\": \"10.623\"\n}","timestamp":"2025-03-05T05:13:23.933Z"}
{"level":"info","message":"{\n  \"Method\": \"GET\",\n  \"URL\": \"/users/profile\",\n  \"Status\": \"200\",\n  \"Response Time (ms)\": \"7.188\"\n}","timestamp":"2025-03-05T05:13:24.890Z"}
{"level":"info","message":"{\n  \"Method\": \"GET\",\n  \"URL\": \"/users/profile\",\n  \"Status\": \"200\",\n  \"Response Time (ms)\": \"13.756\"\n}","timestamp":"2025-03-05T05:13:25.903Z"}
{"level":"info","message":"{\n  \"Method\": \"GET\",\n  \"URL\": \"/users/profile\",\n  \"Status\": \"200\",\n  \"Response Time (ms)\": \"6.817\"\n}","timestamp":"2025-03-05T05:13:26.886Z"}
{"level":"info","message":"{\n  \"Method\": \"GET\",\n  \"URL\": \"/users/profile\",\n  \"Status\": \"200\",\n  \"Response Time (ms)\": \"18.779\"\n}","timestamp":"2025-03-05T05:13:27.921Z"}
{"level":"info","message":"{\n  \"Method\": \"GET\",\n  \"URL\": \"/users/profile\",\n  \"Status\": \"200\",\n  \"Response Time (ms)\": \"13.490\"\n}","timestamp":"2025-03-05T05:13:28.930Z"}
{"level":"info","message":"{\n  \"Method\": \"GET\",\n  \"URL\": \"/users/profile\",\n  \"Status\": \"200\",\n  \"Response Time (ms)\": \"10.789\"\n}","timestamp":"2025-03-05T05:13:33.902Z"}
{"level":"info","message":"{\n  \"Method\": \"GET\",\n  \"URL\": \"/users/profile\",\n  \"Status\": \"200\",\n  \"Response Time (ms)\": \"9.709\"\n}","timestamp":"2025-03-05T05:13:34.907Z"}
{"level":"info","message":"{\n  \"Method\": \"GET\",\n  \"URL\": \"/users/profile\",\n  \"Status\": \"200\",\n  \"Response Time (ms)\": \"11.469\"\n}","timestamp":"2025-03-05T05:13:35.895Z"}
{"level":"info","message":"{\n  \"Method\": \"GET\",\n  \"URL\": \"/users/profile\",\n  \"Status\": \"200\",\n  \"Response Time (ms)\": \"10.130\"\n}","timestamp":"2025-03-05T05:13:37.901Z"}
{"level":"info","message":"{\n  \"Method\": \"GET\",\n  \"URL\": \"/users/profile\",\n  \"Status\": \"200\",\n  \"Response Time (ms)\": \"13.303\"\n}","timestamp":"2025-03-05T05:13:39.905Z"}
{"level":"info","message":"{\n  \"Method\": \"GET\",\n  \"URL\": \"/users/profile\",\n  \"Status\": \"200\",\n  \"Response Time (ms)\": \"16.966\"\n}","timestamp":"2025-03-05T05:13:40.954Z"}
{"level":"info","message":"{\n  \"Method\": \"GET\",\n  \"URL\": \"/users/profile\",\n  \"Status\": \"200\",\n  \"Response Time (ms)\": \"14.093\"\n}","timestamp":"2025-03-05T05:13:41.934Z"}
{"level":"info","message":"{\n  \"Method\": \"GET\",\n  \"URL\": \"/users/profile\",\n  \"Status\": \"200\",\n  \"Response Time (ms)\": \"11.195\"\n}","timestamp":"2025-03-05T05:13:42.912Z"}
{"level":"info","message":"{\n  \"Method\": \"GET\",\n  \"URL\": \"/users/profile\",\n  \"Status\": \"200\",\n  \"Response Time (ms)\": \"12.664\"\n}","timestamp":"2025-03-05T05:13:43.907Z"}
{"level":"info","message":"{\n  \"Method\": \"GET\",\n  \"URL\": \"/users/profile\",\n  \"Status\": \"200\",\n  \"Response Time (ms)\": \"12.238\"\n}","timestamp":"2025-03-05T05:13:48.899Z"}
{"level":"info","message":"{\n  \"Method\": \"GET\",\n  \"URL\": \"/users/profile\",\n  \"Status\": \"200\",\n  \"Response Time (ms)\": \"11.914\"\n}","timestamp":"2025-03-05T05:13:49.911Z"}
{"level":"info","message":"{\n  \"Method\": \"GET\",\n  \"URL\": \"/users/profile\",\n  \"Status\": \"200\",\n  \"Response Time (ms)\": \"11.411\"\n}","timestamp":"2025-03-05T05:13:56.904Z"}
{"level":"info","message":"{\n  \"Method\": \"GET\",\n  \"URL\": \"/users/profile\",\n  \"Status\": \"200\",\n  \"Response Time (ms)\": \"6.270\"\n}","timestamp":"2025-03-05T05:13:57.896Z"}
{"level":"info","message":"{\n  \"Method\": \"GET\",\n  \"URL\": \"/users/profile\",\n  \"Status\": \"200\",\n  \"Response Time (ms)\": \"8.633\"\n}","timestamp":"2025-03-05T05:13:58.904Z"}
{"level":"info","message":"{\n  \"Method\": \"GET\",\n  \"URL\": \"/users/profile\",\n  \"Status\": \"200\",\n  \"Response Time (ms)\": \"18.941\"\n}","timestamp":"2025-03-05T05:13:59.901Z"}
{"level":"info","message":"{\n  \"Method\": \"GET\",\n  \"URL\": \"/users/profile\",\n  \"Status\": \"200\",\n  \"Response Time (ms)\": \"5.288\"\n}","timestamp":"2025-03-05T05:14:00.882Z"}
{"level":"info","message":"{\n  \"Method\": \"GET\",\n  \"URL\": \"/users/profile\",\n  \"Status\": \"200\",\n  \"Response Time (ms)\": \"5.875\"\n}","timestamp":"2025-03-05T05:14:01.886Z"}
{"level":"info","message":"{\n  \"Method\": \"GET\",\n  \"URL\": \"/users/profile\",\n  \"Status\": \"200\",\n  \"Response Time (ms)\": \"8.508\"\n}","timestamp":"2025-03-05T05:14:17.974Z"}
{"level":"info","message":"{\n  \"Method\": \"GET\",\n  \"URL\": \"/users/profile\",\n  \"Status\": \"200\",\n  \"Response Time (ms)\": \"15.496\"\n}","timestamp":"2025-03-05T05:14:21.915Z"}
{"level":"info","message":"{\n  \"Method\": \"GET\",\n  \"URL\": \"/users/profile\",\n  \"Status\": \"200\",\n  \"Response Time (ms)\": \"6.176\"\n}","timestamp":"2025-03-05T05:14:22.892Z"}
{"level":"info","message":"{\n  \"Method\": \"GET\",\n  \"URL\": \"/admin/users?page=1&limit=10&sortBy=createdAt&sortOrder=desc\",\n  \"Status\": \"200\",\n  \"Response Time (ms)\": \"439.087\"\n}","timestamp":"2025-03-05T05:22:24.215Z"}
{"level":"info","message":"{\n  \"Method\": \"GET\",\n  \"URL\": \"/admin/users?page=2&limit=10&sortBy=createdAt&sortOrder=desc\",\n  \"Status\": \"200\",\n  \"Response Time (ms)\": \"29.092\"\n}","timestamp":"2025-03-05T05:22:42.993Z"}
{"level":"info","message":"{\n  \"Method\": \"GET\",\n  \"URL\": \"/users/profile\",\n  \"Status\": \"200\",\n  \"Response Time (ms)\": \"86.023\"\n}","timestamp":"2025-03-05T05:23:01.760Z"}
{"level":"info","message":"{\n  \"Method\": \"GET\",\n  \"URL\": \"/admin/users?page=1&limit=10&sortBy=createdAt&sortOrder=desc\",\n  \"Status\": \"200\",\n  \"Response Time (ms)\": \"157.612\"\n}","timestamp":"2025-03-05T05:47:34.595Z"}
{"level":"info","message":"{\n  \"Method\": \"GET\",\n  \"URL\": \"/admin/users?page=1&limit=10&sortBy=createdAt&sortOrder=desc\",\n  \"Status\": \"200\",\n  \"Response Time (ms)\": \"195.445\"\n}","timestamp":"2025-03-05T06:14:52.218Z"}
{"level":"info","message":"{\n  \"Method\": \"GET\",\n  \"URL\": \"/admin/users?page=1&limit=10&sortBy=createdAt&sortOrder=desc\",\n  \"Status\": \"200\",\n  \"Response Time (ms)\": \"136.977\"\n}","timestamp":"2025-03-05T06:47:12.074Z"}
{"level":"info","message":"{\n  \"Method\": \"GET\",\n  \"URL\": \"/admin/users?page=1&limit=10&sortBy=createdAt&sortOrder=desc\",\n  \"Status\": \"200\",\n  \"Response Time (ms)\": \"64.315\"\n}","timestamp":"2025-03-05T07:09:44.642Z"}
{"level":"info","message":"{\n  \"Method\": \"GET\",\n  \"URL\": \"/admin/users?page=1&limit=10&sortBy=createdAt&sortOrder=desc\",\n  \"Status\": \"200\",\n  \"Response Time (ms)\": \"211.985\"\n}","timestamp":"2025-03-05T07:16:10.613Z"}
{"level":"info","message":"{\n  \"Method\": \"GET\",\n  \"URL\": \"/admin/users?page=1&limit=10&sortBy=createdAt&sortOrder=desc\",\n  \"Status\": \"200\",\n  \"Response Time (ms)\": \"115.831\"\n}","timestamp":"2025-03-05T07:16:27.483Z"}
{"level":"info","message":"{\n  \"Method\": \"GET\",\n  \"URL\": \"/admin/users?page=1&limit=10&sortBy=createdAt&sortOrder=desc\",\n  \"Status\": \"200\",\n  \"Response Time (ms)\": \"185.142\"\n}","timestamp":"2025-03-05T07:16:34.772Z"}
{"level":"info","message":"{\n  \"Method\": \"GET\",\n  \"URL\": \"/admin/users?page=1&limit=10&sortBy=createdAt&sortOrder=desc\",\n  \"Status\": \"200\",\n  \"Response Time (ms)\": \"45.896\"\n}","timestamp":"2025-03-05T07:16:36.163Z"}
{"level":"info","message":"{\n  \"Method\": \"GET\",\n  \"URL\": \"/admin/users?page=1&limit=10&sortBy=createdAt&sortOrder=desc\",\n  \"Status\": \"200\",\n  \"Response Time (ms)\": \"47.027\"\n}","timestamp":"2025-03-05T07:16:39.222Z"}
{"level":"info","message":"{\n  \"Method\": \"GET\",\n  \"URL\": \"/admin/users?page=1&limit=10&sortBy=createdAt&sortOrder=desc\",\n  \"Status\": \"200\",\n  \"Response Time (ms)\": \"74.668\"\n}","timestamp":"2025-03-05T07:16:43.411Z"}
{"level":"info","message":"{\n  \"Method\": \"GET\",\n  \"URL\": \"/admin/users?page=1&limit=10&sortBy=createdAt&sortOrder=desc\",\n  \"Status\": \"200\",\n  \"Response Time (ms)\": \"49.097\"\n}","timestamp":"2025-03-05T07:16:44.454Z"}
{"level":"info","message":"{\n  \"Method\": \"GET\",\n  \"URL\": \"/admin/users?page=1&limit=10&sortBy=createdAt&sortOrder=desc\",\n  \"Status\": \"200\",\n  \"Response Time (ms)\": \"34.762\"\n}","timestamp":"2025-03-05T07:16:45.467Z"}
{"level":"info","message":"{\n  \"Method\": \"GET\",\n  \"URL\": \"/admin/users?page=1&limit=10&sortBy=createdAt&sortOrder=desc\",\n  \"Status\": \"200\",\n  \"Response Time (ms)\": \"37.590\"\n}","timestamp":"2025-03-05T07:16:46.372Z"}
{"level":"info","message":"{\n  \"Method\": \"GET\",\n  \"URL\": \"/admin/users?page=1&limit=10&sortBy=createdAt&sortOrder=desc\",\n  \"Status\": \"200\",\n  \"Response Time (ms)\": \"47.056\"\n}","timestamp":"2025-03-05T07:16:47.356Z"}
{"level":"info","message":"{\n  \"Method\": \"GET\",\n  \"URL\": \"/admin/users?page=1&limit=10&sortBy=createdAt&sortOrder=desc\",\n  \"Status\": \"200\",\n  \"Response Time (ms)\": \"67.670\"\n}","timestamp":"2025-03-05T07:16:48.664Z"}
{"level":"info","message":"{\n  \"Method\": \"GET\",\n  \"URL\": \"/admin/users?page=1&limit=10&sortBy=createdAt&sortOrder=desc\",\n  \"Status\": \"200\",\n  \"Response Time (ms)\": \"80.773\"\n}","timestamp":"2025-03-05T07:16:49.536Z"}
{"level":"info","message":"{\n  \"Method\": \"GET\",\n  \"URL\": \"/admin/users?page=1&limit=10&sortBy=createdAt&sortOrder=desc\",\n  \"Status\": \"200\",\n  \"Response Time (ms)\": \"33.468\"\n}","timestamp":"2025-03-05T07:16:50.274Z"}
{"level":"info","message":"{\n  \"Method\": \"GET\",\n  \"URL\": \"/admin/users?page=1&limit=10&sortBy=createdAt&sortOrder=desc\",\n  \"Status\": \"200\",\n  \"Response Time (ms)\": \"115.399\"\n}","timestamp":"2025-03-05T07:16:55.403Z"}
{"level":"info","message":"{\n  \"Method\": \"GET\",\n  \"URL\": \"/admin/users?page=1&limit=10&sortBy=createdAt&sortOrder=desc\",\n  \"Status\": \"200\",\n  \"Response Time (ms)\": \"112.157\"\n}","timestamp":"2025-03-05T07:17:02.270Z"}
{"level":"info","message":"{\n  \"Method\": \"GET\",\n  \"URL\": \"/admin/users?page=1&limit=10&sortBy=createdAt&sortOrder=desc\",\n  \"Status\": \"200\",\n  \"Response Time (ms)\": \"132.299\"\n}","timestamp":"2025-03-05T07:17:03.966Z"}
{"level":"info","message":"{\n  \"Method\": \"GET\",\n  \"URL\": \"/admin/users?page=1&limit=10&sortBy=createdAt&sortOrder=desc\",\n  \"Status\": \"200\",\n  \"Response Time (ms)\": \"111.686\"\n}","timestamp":"2025-03-05T07:17:08.208Z"}
{"level":"info","message":"{\n  \"Method\": \"GET\",\n  \"URL\": \"/admin/users?page=1&limit=10&sortBy=createdAt&sortOrder=desc\",\n  \"Status\": \"200\",\n  \"Response Time (ms)\": \"81.861\"\n}","timestamp":"2025-03-05T07:17:10.595Z"}
{"level":"info","message":"{\n  \"Method\": \"GET\",\n  \"URL\": \"/admin/users?page=1&limit=10&sortBy=createdAt&sortOrder=desc\",\n  \"Status\": \"200\",\n  \"Response Time (ms)\": \"49.998\"\n}","timestamp":"2025-03-05T07:17:13.402Z"}
{"level":"info","message":"{\n  \"Method\": \"GET\",\n  \"URL\": \"/admin/users?page=1&limit=10&sortBy=createdAt&sortOrder=desc\",\n  \"Status\": \"200\",\n  \"Response Time (ms)\": \"90.447\"\n}","timestamp":"2025-03-05T07:17:15.027Z"}
{"level":"info","message":"{\n  \"Method\": \"GET\",\n  \"URL\": \"/admin/users?page=1&limit=10&sortBy=createdAt&sortOrder=desc\",\n  \"Status\": \"200\",\n  \"Response Time (ms)\": \"55.033\"\n}","timestamp":"2025-03-05T07:17:18.380Z"}
{"level":"info","message":"{\n  \"Method\": \"GET\",\n  \"URL\": \"/users/profile\",\n  \"Status\": \"200\",\n  \"Response Time (ms)\": \"92.239\"\n}","timestamp":"2025-03-05T07:24:26.769Z"}
{"level":"info","message":"{\n  \"Method\": \"GET\",\n  \"URL\": \"/users/profile\",\n  \"Status\": \"200\",\n  \"Response Time (ms)\": \"14.688\"\n}","timestamp":"2025-03-05T07:24:28.599Z"}
{"level":"info","message":"{\n  \"Method\": \"GET\",\n  \"URL\": \"/users/profile\",\n  \"Status\": \"200\",\n  \"Response Time (ms)\": \"38.070\"\n}","timestamp":"2025-03-05T07:38:31.678Z"}
{"level":"info","message":"{\n  \"Method\": \"GET\",\n  \"URL\": \"/users/profile\",\n  \"Status\": \"200\",\n  \"Response Time (ms)\": \"45.209\"\n}","timestamp":"2025-03-05T07:39:31.828Z"}
{"level":"info","message":"{\n  \"Method\": \"GET\",\n  \"URL\": \"/users/profile\",\n  \"Status\": \"304\",\n  \"Response Time (ms)\": \"14.201\"\n}","timestamp":"2025-03-05T07:39:31.862Z"}
{"level":"info","message":"{\n  \"Method\": \"GET\",\n  \"URL\": \"/admin/users?page=1&limit=10&sortBy=createdAt&sortOrder=desc\",\n  \"Status\": \"200\",\n  \"Response Time (ms)\": \"185.404\"\n}","timestamp":"2025-03-05T07:46:22.078Z"}
{"level":"info","message":"{\n  \"Method\": \"PUT\",\n  \"URL\": \"/users/change-password\",\n  \"Status\": \"200\",\n  \"Response Time (ms)\": \"373.017\"\n}","timestamp":"2025-03-05T07:47:45.249Z"}
{"level":"info","message":"{\n  \"Method\": \"POST\",\n  \"URL\": \"/auth/logout\",\n  \"Status\": \"200\",\n  \"Response Time (ms)\": \"15.293\"\n}","timestamp":"2025-03-05T07:47:51.809Z"}
{"level":"info","message":"{\n  \"Method\": \"POST\",\n  \"URL\": \"/auth/login\",\n  \"Status\": \"400\",\n  \"Response Time (ms)\": \"142.737\"\n}","timestamp":"2025-03-05T07:48:09.446Z"}
{"level":"info","message":"{\n  \"Method\": \"POST\",\n  \"URL\": \"/auth/login\",\n  \"Status\": \"200\",\n  \"Response Time (ms)\": \"131.760\"\n}","timestamp":"2025-03-05T07:48:22.096Z"}
{"level":"info","message":"{\n  \"Method\": \"GET\",\n  \"URL\": \"/users/profile\",\n  \"Status\": \"200\",\n  \"Response Time (ms)\": \"12.188\"\n}","timestamp":"2025-03-05T07:48:29.972Z"}
{"level":"info","message":"{\n  \"Method\": \"GET\",\n  \"URL\": \"/sessions/upcoming-sessions\",\n  \"Status\": \"200\",\n  \"Response Time (ms)\": \"176.789\"\n}","timestamp":"2025-03-05T07:48:35.974Z"}
{"level":"info","message":"{\n  \"Method\": \"GET\",\n  \"URL\": \"/chats/user\",\n  \"Status\": \"200\",\n  \"Response Time (ms)\": \"145.481\"\n}","timestamp":"2025-03-05T07:48:37.248Z"}
{"level":"info","message":"{\n  \"Method\": \"GET\",\n  \"URL\": \"/chats/user\",\n  \"Status\": \"304\",\n  \"Response Time (ms)\": \"30.235\"\n}","timestamp":"2025-03-05T07:48:37.282Z"}
{"level":"info","message":"{\n  \"Method\": \"GET\",\n  \"URL\": \"/chats/67c17e798fd78d7684b96aa3/messages?page=1\",\n  \"Status\": \"200\",\n  \"Response Time (ms)\": \"178.135\"\n}","timestamp":"2025-03-05T07:48:40.480Z"}
{"level":"info","message":"{\n  \"Method\": \"GET\",\n  \"URL\": \"/chats/67c17e798fd78d7684b96aa3/messages?page=1\",\n  \"Status\": \"304\",\n  \"Response Time (ms)\": \"42.463\"\n}","timestamp":"2025-03-05T07:48:40.532Z"}
{"level":"info","message":"{\n  \"Method\": \"GET\",\n  \"URL\": \"/chats/67c17e798fd78d7684b96aa3/messages?page=1\",\n  \"Status\": \"304\",\n  \"Response Time (ms)\": \"42.876\"\n}","timestamp":"2025-03-05T07:48:40.581Z"}
{"level":"info","message":"{\n  \"Method\": \"GET\",\n  \"URL\": \"/chats/67c17e798fd78d7684b96aa3/messages?page=1\",\n  \"Status\": \"304\",\n  \"Response Time (ms)\": \"33.368\"\n}","timestamp":"2025-03-05T07:48:40.618Z"}
{"level":"info","message":"{\n  \"Method\": \"GET\",\n  \"URL\": \"/chats/67c17e798fd78d7684b96aa3/messages?page=1\",\n  \"Status\": \"304\",\n  \"Response Time (ms)\": \"34.043\"\n}","timestamp":"2025-03-05T07:48:40.655Z"}
{"level":"info","message":"{\n  \"Method\": \"GET\",\n  \"URL\": \"/chats/67c17e798fd78d7684b96aa3/messages?page=1\",\n  \"Status\": \"304\",\n  \"Response Time (ms)\": \"30.007\"\n}","timestamp":"2025-03-05T07:48:40.689Z"}
{"level":"info","message":"{\n  \"Method\": \"GET\",\n  \"URL\": \"/chats/67c17e798fd78d7684b96aa3/messages?page=1\",\n  \"Status\": \"304\",\n  \"Response Time (ms)\": \"36.541\"\n}","timestamp":"2025-03-05T07:48:40.729Z"}
{"level":"info","message":"{\n  \"Method\": \"GET\",\n  \"URL\": \"/chats/67c17e798fd78d7684b96aa3/messages?page=1\",\n  \"Status\": \"304\",\n  \"Response Time (ms)\": \"22.404\"\n}","timestamp":"2025-03-05T07:48:40.754Z"}
{"level":"info","message":"{\n  \"Method\": \"GET\",\n  \"URL\": \"/chats/67c17e798fd78d7684b96aa3/messages?page=1\",\n  \"Status\": \"304\",\n  \"Response Time (ms)\": \"32.258\"\n}","timestamp":"2025-03-05T07:48:40.794Z"}
{"level":"info","message":"{\n  \"Method\": \"GET\",\n  \"URL\": \"/chats/67c17e798fd78d7684b96aa3/messages?page=1\",\n  \"Status\": \"304\",\n  \"Response Time (ms)\": \"32.534\"\n}","timestamp":"2025-03-05T07:48:40.836Z"}
{"level":"info","message":"{\n  \"Method\": \"GET\",\n  \"URL\": \"/chats/67c17e798fd78d7684b96aa3/messages?page=1\",\n  \"Status\": \"304\",\n  \"Response Time (ms)\": \"25.766\"\n}","timestamp":"2025-03-05T07:48:40.885Z"}
{"level":"info","message":"{\n  \"Method\": \"GET\",\n  \"URL\": \"/chats/67c17e798fd78d7684b96aa3/messages?page=1\",\n  \"Status\": \"304\",\n  \"Response Time (ms)\": \"99.646\"\n}","timestamp":"2025-03-05T07:48:40.990Z"}
{"level":"info","message":"{\n  \"Method\": \"GET\",\n  \"URL\": \"/chats/67c17e798fd78d7684b96aa3/messages?page=1\",\n  \"Status\": \"304\",\n  \"Response Time (ms)\": \"26.489\"\n}","timestamp":"2025-03-05T07:48:41.020Z"}
{"level":"info","message":"{\n  \"Method\": \"GET\",\n  \"URL\": \"/chats/67bf3af993278c21a56ff397/messages?page=1\",\n  \"Status\": \"200\",\n  \"Response Time (ms)\": \"54.219\"\n}","timestamp":"2025-03-05T07:48:44.348Z"}
{"level":"info","message":"{\n  \"Method\": \"GET\",\n  \"URL\": \"/chats/67bf3af993278c21a56ff397/messages?page=1\",\n  \"Status\": \"304\",\n  \"Response Time (ms)\": \"30.091\"\n}","timestamp":"2025-03-05T07:48:44.381Z"}
{"level":"info","message":"{\n  \"Method\": \"GET\",\n  \"URL\": \"/chats/67bf3af993278c21a56ff397/messages?page=1\",\n  \"Status\": \"304\",\n  \"Response Time (ms)\": \"24.560\"\n}","timestamp":"2025-03-05T07:48:44.409Z"}
{"level":"info","message":"{\n  \"Method\": \"GET\",\n  \"URL\": \"/chats/67c2b356f1c42a81f97c39db/messages?page=1\",\n  \"Status\": \"200\",\n  \"Response Time (ms)\": \"28.211\"\n}","timestamp":"2025-03-05T07:48:45.396Z"}
{"level":"info","message":"{\n  \"Method\": \"GET\",\n  \"URL\": \"/chats/67c2b356f1c42a81f97c39db/messages?page=1\",\n  \"Status\": \"304\",\n  \"Response Time (ms)\": \"33.723\"\n}","timestamp":"2025-03-05T07:48:45.438Z"}
{"level":"info","message":"{\n  \"Method\": \"GET\",\n  \"URL\": \"/chats/67c2b356f1c42a81f97c39db/messages?page=1\",\n  \"Status\": \"304\",\n  \"Response Time (ms)\": \"24.585\"\n}","timestamp":"2025-03-05T07:48:45.468Z"}
{"level":"info","message":"{\n  \"Method\": \"GET\",\n  \"URL\": \"/chats/67c280c57a8b5945082356d9/messages?page=1\",\n  \"Status\": \"200\",\n  \"Response Time (ms)\": \"69.230\"\n}","timestamp":"2025-03-05T07:48:46.516Z"}
{"level":"info","message":"{\n  \"Method\": \"GET\",\n  \"URL\": \"/chats/67c280c57a8b5945082356d9/messages?page=1\",\n  \"Status\": \"304\",\n  \"Response Time (ms)\": \"26.511\"\n}","timestamp":"2025-03-05T07:48:46.546Z"}
{"level":"info","message":"{\n  \"Method\": \"GET\",\n  \"URL\": \"/chats/67c280c57a8b5945082356d9/messages?page=1\",\n  \"Status\": \"304\",\n  \"Response Time (ms)\": \"28.338\"\n}","timestamp":"2025-03-05T07:48:46.579Z"}
{"level":"info","message":"{\n  \"Method\": \"GET\",\n  \"URL\": \"/users/profile\",\n  \"Status\": \"200\",\n  \"Response Time (ms)\": \"22.683\"\n}","timestamp":"2025-03-05T07:48:53.567Z"}
{"level":"info","message":"{\n  \"Method\": \"GET\",\n  \"URL\": \"/users/profile\",\n  \"Status\": \"304\",\n  \"Response Time (ms)\": \"13.772\"\n}","timestamp":"2025-03-05T07:48:53.589Z"}
{"level":"info","message":"{\n  \"Method\": \"GET\",\n  \"URL\": \"/admin/users?page=1&limit=10&sortBy=createdAt&sortOrder=desc\",\n  \"Status\": \"200\",\n  \"Response Time (ms)\": \"68.642\"\n}","timestamp":"2025-03-05T08:05:11.980Z"}
{"level":"info","message":"{\n  \"Method\": \"GET\",\n  \"URL\": \"/admin/users?page=1&limit=10&sortBy=createdAt&sortOrder=desc\",\n  \"Status\": \"200\",\n  \"Response Time (ms)\": \"148.803\"\n}","timestamp":"2025-03-05T08:05:13.894Z"}
{"level":"info","message":"{\n  \"Method\": \"GET\",\n  \"URL\": \"/admin/users?page=1&limit=10&sortBy=createdAt&sortOrder=desc\",\n  \"Status\": \"200\",\n  \"Response Time (ms)\": \"163.651\"\n}","timestamp":"2025-03-05T08:38:50.806Z"}
{"level":"info","message":"{\n  \"Method\": \"GET\",\n  \"URL\": \"/admin/users?page=1&limit=10&sortBy=createdAt&sortOrder=desc\",\n  \"Status\": \"200\",\n  \"Response Time (ms)\": \"55.114\"\n}","timestamp":"2025-03-05T08:39:13.216Z"}
{"level":"info","message":"{\n  \"Method\": \"GET\",\n  \"URL\": \"/admin/users?page=1&limit=10&sortBy=createdAt&sortOrder=desc\",\n  \"Status\": \"200\",\n  \"Response Time (ms)\": \"163.196\"\n}","timestamp":"2025-03-05T09:30:22.626Z"}
{"level":"info","message":"{\n  \"Method\": \"GET\",\n  \"URL\": \"/admin/users?page=1&limit=10&sortBy=createdAt&sortOrder=desc\",\n  \"Status\": \"200\",\n  \"Response Time (ms)\": \"286.484\"\n}","timestamp":"2025-03-05T09:33:56.279Z"}
{"level":"info","message":"{\n  \"Method\": \"GET\",\n  \"URL\": \"/admin/users?page=1&limit=10&sortBy=createdAt&sortOrder=desc\",\n  \"Status\": \"200\",\n  \"Response Time (ms)\": \"55.054\"\n}","timestamp":"2025-03-05T09:33:58.891Z"}
{"level":"info","message":"{\n  \"Method\": \"GET\",\n  \"URL\": \"/admin/users?page=1&limit=10&sortBy=createdAt&sortOrder=desc\",\n  \"Status\": \"200\",\n  \"Response Time (ms)\": \"227.626\"\n}","timestamp":"2025-03-05T10:07:36.787Z"}
